#
# A fatal error has been detected by the Java Runtime Environment:
#
#  Internal Error (javaCalls.cpp:51), pid=5340, tid=0x0000000000001574
#  guarantee(thread->is_Java_thread()) failed: crucial check - the VM thread cannot and must not escape to Java code
#
# JRE version: Java(TM) SE Runtime Environment (8.0_181-b13) (build 1.8.0_181-b13)
# Java VM: Java HotSpot(TM) 64-Bit Server VM (25.181-b13 mixed mode windows-amd64 compressed oops)
# Failed to write core dump. Minidumps are not enabled by default on client versions of Windows
#
# If you would like to submit a bug report, please visit:
#   http://bugreport.java.com/bugreport/crash.jsp
#

---------------  T H R E A D  ---------------

Current thread (0x00000000139e6800):  VMThread [stack: 0x0000000014450000,0x0000000014550000] [id=5492]

Stack: [0x0000000014450000,0x0000000014550000]
[error occurred during error reporting (printing stack bounds), id 0xc0000005]

Native frames: (J=compiled Java code, j=interpreted, Vv=VM code, C=native code)

VM_Operation (0x0000000014b4f710): GetOrSetLocal, mode: safepoint, requested by thread 0x0000000013a22000


---------------  P R O C E S S  ---------------

Java Threads: ( => current thread )
  0x0000000013abd800 JavaThread "Service Thread" daemon [_thread_blocked, id=4476, stack(0x0000000015350000,0x0000000015450000)]
  0x0000000013ab9800 JavaThread "C1 CompilerThread1" daemon [_thread_blocked, id=620, stack(0x0000000015250000,0x0000000015350000)]
  0x0000000013aaf000 JavaThread "C2 CompilerThread0" daemon [_thread_blocked, id=5756, stack(0x0000000015150000,0x0000000015250000)]
  0x0000000013a34000 JavaThread "JDWP Command Reader" daemon [_thread_in_native, id=4792, stack(0x0000000014c50000,0x0000000014d50000)]
  0x0000000013a2f800 JavaThread "JDWP Event Helper Thread" daemon [_thread_blocked, id=5220, stack(0x0000000014b50000,0x0000000014c50000)]
  0x0000000013a22000 JavaThread "JDWP Transport Listener: dt_socket" daemon [_thread_blocked, id=4136, stack(0x0000000014a50000,0x0000000014b50000)]
  0x0000000013a19800 JavaThread "Attach Listener" daemon [_thread_blocked, id=3064, stack(0x0000000014950000,0x0000000014a50000)]
  0x0000000013a16800 JavaThread "Signal Dispatcher" daemon [_thread_blocked, id=5940, stack(0x0000000014850000,0x0000000014950000)]
  0x0000000013a08800 JavaThread "Finalizer" daemon [_thread_blocked, id=4508, stack(0x0000000014650000,0x0000000014750000)]
  0x00000000029af000 JavaThread "Reference Handler" daemon [_thread_blocked, id=5960, stack(0x0000000014550000,0x0000000014650000)]
  0x00000000028c3800 JavaThread "main" [_thread_blocked, id=5012, stack(0x00000000025f0000,0x00000000026f0000)]

Other Threads:
=>0x00000000139e6800 VMThread [stack: 0x0000000014450000,0x0000000014550000] [id=5492]
  0x0000000014e28800 WatcherThread [stack: 0x0000000015450000,0x0000000015550000] [id=4484]

VM state:at safepoint (normal execution)

VM Mutex/Monitor currently owned by a thread:  ([mutex/lock_event])
[0x00000000028c0ad0] Threads_lock - owner thread: 0x00000000139e6800

Heap:
 PSYoungGen      total 9728K, used 3433K [0x00000000f5d80000, 0x00000000f6800000, 0x0000000100000000)
  eden space 8704K, 39% used [0x00000000f5d80000,0x00000000f60da5b8,0x00000000f6600000)
  from space 1024K, 0% used [0x00000000f6700000,0x00000000f6700000,0x00000000f6800000)
  to   space 1024K, 0% used [0x00000000f6600000,0x00000000f6600000,0x00000000f6700000)
 ParOldGen       total 22016K, used 0K [0x00000000e1800000, 0x00000000e2d80000, 0x00000000f5d80000)
  object space 22016K, 0% used [0x00000000e1800000,0x00000000e1800000,0x00000000e2d80000)
 Metaspace       used 3848K, capacity 4780K, committed 4864K, reserved 1056768K
  class space    used 424K, capacity 468K, committed 512K, reserved 1048576K

Card table byte_map: [0x0000000011d80000,0x0000000011e80000] byte_map_base: 0x0000000011674000

Marking Bits: (ParMarkBitMap*) 0x00000000709b2d00
 Begin Bits: [0x0000000012080000, 0x0000000012820000)
 End Bits:   [0x0000000012820000, 0x0000000012fc0000)

Polling page: 0x0000000000c80000

CodeCache: size=245760Kb used=1241Kb max_used=1253Kb free=244518Kb
 bounds [0x00000000029c0000, 0x0000000002c30000, 0x00000000119c0000]
 total_blobs=338 nmethods=93 adapters=167
 compilation: enabled

Compilation events (10 events):
Event: 23.552 Thread 0x0000000013ab9800   89       3       java.lang.StringBuilder::<init> (7 bytes)
Event: 23.553 Thread 0x0000000013ab9800 nmethod 89 0x0000000002af4d50 code [0x0000000002af4ec0, 0x0000000002af5170]
Event: 81.105 Thread 0x0000000013ab9800   90       3       java.lang.StringBuilder::append (8 bytes)
Event: 81.105 Thread 0x0000000013ab9800 nmethod 90 0x0000000002af5290 code [0x0000000002af5400, 0x0000000002af55a8]
Event: 89.624 Thread 0x0000000013ab9800   91       1       java.util.HashMap::size (5 bytes)
Event: 89.625 Thread 0x0000000013ab9800 nmethod 91 0x0000000002af5650 code [0x0000000002af57a0, 0x0000000002af58b0]
Event: 110.610 Thread 0x0000000013aaf000   92       4       java.lang.String::getChars (62 bytes)
Event: 110.616 Thread 0x0000000013aaf000 nmethod 92 0x0000000002af8750 code [0x0000000002af88a0, 0x0000000002af8ad8]
Event: 274.819 Thread 0x0000000013aaf000   93       4       java.lang.AbstractStringBuilder::append (50 bytes)
Event: 274.832 Thread 0x0000000013aaf000 nmethod 93 0x0000000002af6710 code [0x0000000002af6880, 0x0000000002af6dc8]

GC Heap History (0 events):
No events

Deoptimization events (0 events):
No events

Classes redefined (6 events):
Event: 272.050 Thread 0x00000000139e6800 redefined class name=com.company.Token, count=1
Event: 272.085 Thread 0x00000000139e6800 redefined class name=com.company.Main, count=1
Event: 1068.529 Thread 0x00000000139e6800 redefined class name=com.company.Token, count=2
Event: 1068.530 Thread 0x00000000139e6800 redefined class name=com.company.Main, count=2
Event: 1116.615 Thread 0x00000000139e6800 redefined class name=com.company.Token, count=3
Event: 1116.638 Thread 0x00000000139e6800 redefined class name=com.company.Main, count=3

Internal exceptions (6 events):
Event: 0.377 Thread 0x00000000028c3800 Exception <a 'java/lang/NoSuchMethodError': Method sun.misc.Unsafe.defineClass(Ljava/lang/String;[BII)Ljava/lang/Class; name or signature does not match> (0x00000000f5d87cb0) thrown at [C:\re\workspace\8-2-build-windows-amd64-cygwin\jdk8u181\11358\hotspot
Event: 0.377 Thread 0x00000000028c3800 Exception <a 'java/lang/NoSuchMethodError': Method sun.misc.Unsafe.prefetchRead(Ljava/lang/Object;J)V name or signature does not match> (0x00000000f5d87f98) thrown at [C:\re\workspace\8-2-build-windows-amd64-cygwin\jdk8u181\11358\hotspot\src\share\vm\prim
Event: 1.165 Thread 0x00000000028c3800 Exception <a 'java/security/PrivilegedActionException'> (0x00000000f5ff6b78) thrown at [C:\re\workspace\8-2-build-windows-amd64-cygwin\jdk8u181\11358\hotspot\src\share\vm\prims\jvm.cpp, line 1435]
Event: 1.165 Thread 0x00000000028c3800 Exception <a 'java/security/PrivilegedActionException'> (0x00000000f5ff6f70) thrown at [C:\re\workspace\8-2-build-windows-amd64-cygwin\jdk8u181\11358\hotspot\src\share\vm\prims\jvm.cpp, line 1435]
Event: 1.168 Thread 0x00000000028c3800 Exception <a 'java/security/PrivilegedActionException'> (0x00000000f5ffb068) thrown at [C:\re\workspace\8-2-build-windows-amd64-cygwin\jdk8u181\11358\hotspot\src\share\vm\prims\jvm.cpp, line 1435]
Event: 1.168 Thread 0x00000000028c3800 Exception <a 'java/security/PrivilegedActionException'> (0x00000000f5ffb460) thrown at [C:\re\workspace\8-2-build-windows-amd64-cygwin\jdk8u181\11358\hotspot\src\share\vm\prims\jvm.cpp, line 1435]

Events (10 events):
Event: 1072.613 Executing VM operation: GetOrSetLocal done
Event: 1072.613 Executing VM operation: GetOrSetLocal
Event: 1072.614 Executing VM operation: GetOrSetLocal done
Event: 1115.703 Executing VM operation: ChangeBreakpoints
Event: 1115.705 Executing VM operation: ChangeBreakpoints done
Event: 1116.521 Executing VM operation: RedefineClasses
Event: 1116.638 Executing VM operation: RedefineClasses done
Event: 1117.095 Executing VM operation: ChangeBreakpoints
Event: 1117.095 Executing VM operation: ChangeBreakpoints done
Event: 1117.215 Executing VM operation: GetOrSetLocal


Dynamic libraries:
0x00007ff704140000 - 0x00007ff704177000 	C:\Program Files\Java\jdk1.8.0_181\bin\java.exe
0x00007ffca8220000 - 0x00007ffca83e2000 	C:\WINDOWS\SYSTEM32\ntdll.dll
0x00007ffca5d00000 - 0x00007ffca5dad000 	C:\WINDOWS\system32\KERNEL32.DLL
0x00007ffca4d40000 - 0x00007ffca4f1d000 	C:\WINDOWS\system32\KERNELBASE.dll
0x00007ffca7d90000 - 0x00007ffca7e36000 	C:\WINDOWS\system32\ADVAPI32.dll
0x00007ffca65d0000 - 0x00007ffca666d000 	C:\WINDOWS\system32\msvcrt.dll
0x00007ffca6570000 - 0x00007ffca65cb000 	C:\WINDOWS\system32\sechost.dll
0x00007ffca58f0000 - 0x00007ffca5a16000 	C:\WINDOWS\system32\RPCRT4.dll
0x00007ffca5b30000 - 0x00007ffca5c7e000 	C:\WINDOWS\system32\USER32.dll
0x00007ffca6380000 - 0x00007ffca6505000 	C:\WINDOWS\system32\GDI32.dll
0x00007ffc99860000 - 0x00007ffc99ad4000 	C:\WINDOWS\WinSxS\amd64_microsoft.windows.common-controls_6595b64144ccf1df_6.0.10240.16384_none_f41f7b285750ef43\COMCTL32.dll
0x00007ffca5e20000 - 0x00007ffca5e56000 	C:\WINDOWS\system32\IMM32.DLL
0x00007ffca7f00000 - 0x00007ffca805c000 	C:\WINDOWS\system32\MSCTF.dll
0x0000000070a40000 - 0x0000000070b12000 	C:\Program Files\Java\jdk1.8.0_181\jre\bin\msvcr100.dll
0x0000000070190000 - 0x0000000070a32000 	C:\Program Files\Java\jdk1.8.0_181\jre\bin\server\jvm.dll
0x00007ffca5c90000 - 0x00007ffca5c98000 	C:\WINDOWS\system32\PSAPI.DLL
0x00007ffca3360000 - 0x00007ffca3369000 	C:\WINDOWS\SYSTEM32\WSOCK32.dll
0x00007ffc9d1b0000 - 0x00007ffc9d1ba000 	C:\WINDOWS\SYSTEM32\VERSION.dll
0x00007ffca61c0000 - 0x00007ffca6229000 	C:\WINDOWS\system32\WS2_32.dll
0x00007ffca5c80000 - 0x00007ffca5c88000 	C:\WINDOWS\system32\NSI.dll
0x00007ffc98550000 - 0x00007ffc98573000 	C:\WINDOWS\SYSTEM32\WINMM.dll
0x00007ffc97b00000 - 0x00007ffc97b2c000 	C:\WINDOWS\SYSTEM32\WINMMBASE.dll
0x00007ffca4cf0000 - 0x00007ffca4d34000 	C:\WINDOWS\system32\cfgmgr32.dll
0x00007ffca35c0000 - 0x00007ffca35e7000 	C:\WINDOWS\SYSTEM32\DEVOBJ.dll
0x0000000070180000 - 0x000000007018f000 	C:\Program Files\Java\jdk1.8.0_181\jre\bin\verify.dll
0x0000000070150000 - 0x0000000070179000 	C:\Program Files\Java\jdk1.8.0_181\jre\bin\java.dll
0x0000000070110000 - 0x0000000070145000 	C:\Program Files\Java\jdk1.8.0_181\jre\bin\jdwp.dll
0x0000000070100000 - 0x0000000070108000 	C:\Program Files\Java\jdk1.8.0_181\jre\bin\npt.dll
0x00000000700d0000 - 0x00000000700f3000 	C:\Program Files\Java\jdk1.8.0_181\jre\bin\instrument.dll
0x00000000700b0000 - 0x00000000700c6000 	C:\Program Files\Java\jdk1.8.0_181\jre\bin\zip.dll
0x00007ffca6670000 - 0x00007ffca7b95000 	C:\WINDOWS\system32\SHELL32.dll
0x00007ffca50f0000 - 0x00007ffca5718000 	C:\WINDOWS\system32\windows.storage.dll
0x00007ffca5e60000 - 0x00007ffca60dc000 	C:\WINDOWS\system32\combase.dll
0x00007ffca5ca0000 - 0x00007ffca5cf1000 	C:\WINDOWS\system32\shlwapi.dll
0x00007ffca4ca0000 - 0x00007ffca4caf000 	C:\WINDOWS\system32\kernel.appcore.dll
0x00007ffca5830000 - 0x00007ffca58e3000 	C:\WINDOWS\system32\shcore.dll
0x00007ffca4c50000 - 0x00007ffca4c9a000 	C:\WINDOWS\system32\powrprof.dll
0x00007ffca4cb0000 - 0x00007ffca4cc3000 	C:\WINDOWS\system32\profapi.dll
0x00000000700a0000 - 0x00000000700a9000 	C:\Program Files\Java\jdk1.8.0_181\jre\bin\dt_socket.dll
0x00007ffca4460000 - 0x00007ffca44bd000 	C:\WINDOWS\system32\mswsock.dll

VM Arguments:
jvm_args: -agentlib:jdwp=transport=dt_socket,address=127.0.0.1:53742,suspend=y,server=n -javaagent:C:\Users\DIEGOF~1\AppData\Local\Temp\captureAgent1jars\debugger-agent.jar=file:/C:/Users/DIEGOF~1/AppData/Local/Temp/capture1.props -Dfile.encoding=UTF-8 
java_command: com.company.Main
java_class_path (initial): C:\Program Files\Java\jdk1.8.0_181\jre\lib\charsets.jar;C:\Program Files\Java\jdk1.8.0_181\jre\lib\deploy.jar;C:\Program Files\Java\jdk1.8.0_181\jre\lib\ext\access-bridge-64.jar;C:\Program Files\Java\jdk1.8.0_181\jre\lib\ext\cldrdata.jar;C:\Program Files\Java\jdk1.8.0_181\jre\lib\ext\dnsns.jar;C:\Program Files\Java\jdk1.8.0_181\jre\lib\ext\jaccess.jar;C:\Program Files\Java\jdk1.8.0_181\jre\lib\ext\jfxrt.jar;C:\Program Files\Java\jdk1.8.0_181\jre\lib\ext\localedata.jar;C:\Program Files\Java\jdk1.8.0_181\jre\lib\ext\nashorn.jar;C:\Program Files\Java\jdk1.8.0_181\jre\lib\ext\sunec.jar;C:\Program Files\Java\jdk1.8.0_181\jre\lib\ext\sunjce_provider.jar;C:\Program Files\Java\jdk1.8.0_181\jre\lib\ext\sunmscapi.jar;C:\Program Files\Java\jdk1.8.0_181\jre\lib\ext\sunpkcs11.jar;C:\Program Files\Java\jdk1.8.0_181\jre\lib\ext\zipfs.jar;C:\Program Files\Java\jdk1.8.0_181\jre\lib\javaws.jar;C:\Program Files\Java\jdk1.8.0_181\jre\lib\jce.jar;C:\Program Files\Java\jdk1.8.0_181\jre\lib\jfr.jar;C:\Program Files\Java\jdk1.8.0_181\jre\lib\jfxswt.jar;C:\Program Files\Java\jdk1.8.0_181\jre\lib\jsse.jar;C:\Program Files\Java\jdk1.8.0_181\jre\lib\management-agent.jar;C:\Program Files\Java\jdk1.8.0_181\jre\lib\plugin.jar;C:\Program Files\Java\jdk1.8.0_181\jre\lib\resources.jar;C:\Program Files\Java\jdk1.8.0_181\jre\lib\rt.jar;C:\Users\Diego F Chacón\IdeaProjects\AnalizadorLexCHico\out\production\untitled104;C:\Program Files\JetBrains\IntelliJ IDEA 2018.2.2\lib\idea_rt.jar;C:\Users\DIEGOF~1\AppData\Local\Temp\captureAgent1jars\debugger-agent.jar
Launcher Type: SUN_STANDARD

Environment Variables:
JAVA_HOME=C:\Program Files\Java\jdk1.8.0_181
PATH=C:\Users\Diego F Chacón\Downloads\apache-maven-3.5.4-bin\apache-maven-3.5.4\bin;C:\Program Files\Git\cmd
USERNAME=Diego F Chacón
OS=Windows_NT
PROCESSOR_IDENTIFIER=Intel64 Family 6 Model 42 Stepping 7, GenuineIntel



---------------  S Y S T E M  ---------------

OS: Windows 10.0 , 64 bit Build 10240 (10.0.10240.16384)

CPU:total 2 (initial active 2) (2 cores per cpu, 1 threads per core) family 6 model 42 stepping 7, cmov, cx8, fxsr, mmx, sse, sse2, sse3, ssse3, sse4.1, sse4.2, popcnt, clmul, tsc, tscinvbit

Memory: 4k page, physical 1991964k(301740k free), swap 6694300k(1736108k free)

vm_info: Java HotSpot(TM) 64-Bit Server VM (25.181-b13) for windows-amd64 JRE (1.8.0_181-b13), built on Jul  7 2018 04:01:33 by "java_re" with MS VC++ 10.0 (VS2010)

time: Sun Sep 09 15:18:58 2018
elapsed time: 1118 seconds (0d 0h 18m 38s)

