#
# A fatal error has been detected by the Java Runtime Environment:
#
#  Internal Error (javaCalls.cpp:51), pid=1280, tid=0x0000000000000ea8
#  guarantee(thread->is_Java_thread()) failed: crucial check - the VM thread cannot and must not escape to Java code
#
# JRE version: Java(TM) SE Runtime Environment (8.0_181-b13) (build 1.8.0_181-b13)
# Java VM: Java HotSpot(TM) 64-Bit Server VM (25.181-b13 mixed mode windows-amd64 compressed oops)
# Failed to write core dump. Minidumps are not enabled by default on client versions of Windows
#
# If you would like to submit a bug report, please visit:
#   http://bugreport.java.com/bugreport/crash.jsp
#

---------------  T H R E A D  ---------------

Current thread (0x00000000134e6800):  VMThread [stack: 0x0000000013f50000,0x0000000014050000] [id=3752]

Stack: [0x0000000013f50000,0x0000000014050000]
[error occurred during error reporting (printing stack bounds), id 0xc0000005]

Native frames: (J=compiled Java code, j=interpreted, Vv=VM code, C=native code)

VM_Operation (0x000000001464ef50): GetOrSetLocal, mode: safepoint, requested by thread 0x0000000013521800


---------------  P R O C E S S  ---------------

Java Threads: ( => current thread )
  0x00000000135be800 JavaThread "Service Thread" daemon [_thread_blocked, id=2832, stack(0x0000000014e50000,0x0000000014f50000)]
  0x00000000135b4800 JavaThread "C1 CompilerThread1" daemon [_thread_blocked, id=5472, stack(0x0000000014d50000,0x0000000014e50000)]
  0x00000000135b3000 JavaThread "C2 CompilerThread0" daemon [_thread_blocked, id=5940, stack(0x0000000014c50000,0x0000000014d50000)]
  0x0000000013534800 JavaThread "JDWP Command Reader" daemon [_thread_in_native, id=2760, stack(0x0000000014750000,0x0000000014850000)]
  0x0000000013533000 JavaThread "JDWP Event Helper Thread" daemon [_thread_blocked, id=3512, stack(0x0000000014650000,0x0000000014750000)]
  0x0000000013521800 JavaThread "JDWP Transport Listener: dt_socket" daemon [_thread_blocked, id=4612, stack(0x0000000014550000,0x0000000014650000)]
  0x0000000013516000 JavaThread "Attach Listener" daemon [_thread_blocked, id=4872, stack(0x0000000014450000,0x0000000014550000)]
  0x0000000013522800 JavaThread "Signal Dispatcher" daemon [_thread_blocked, id=684, stack(0x0000000014350000,0x0000000014450000)]
  0x0000000013508800 JavaThread "Finalizer" daemon [_thread_blocked, id=3856, stack(0x0000000014150000,0x0000000014250000)]
  0x00000000023ff000 JavaThread "Reference Handler" daemon [_thread_blocked, id=5132, stack(0x0000000014050000,0x0000000014150000)]
  0x0000000002313800 JavaThread "main" [_thread_blocked, id=6056, stack(0x0000000002000000,0x0000000002100000)]

Other Threads:
=>0x00000000134e6800 VMThread [stack: 0x0000000013f50000,0x0000000014050000] [id=3752]
  0x0000000014924000 WatcherThread [stack: 0x0000000014f50000,0x0000000015050000] [id=3248]

VM state:at safepoint (normal execution)

VM Mutex/Monitor currently owned by a thread:  ([mutex/lock_event])
[0x0000000002310dd0] Threads_lock - owner thread: 0x00000000134e6800

Heap:
 PSYoungGen      total 9728K, used 3251K [0x00000000f5d80000, 0x00000000f6800000, 0x0000000100000000)
  eden space 8704K, 37% used [0x00000000f5d80000,0x00000000f60acfc8,0x00000000f6600000)
  from space 1024K, 0% used [0x00000000f6700000,0x00000000f6700000,0x00000000f6800000)
  to   space 1024K, 0% used [0x00000000f6600000,0x00000000f6600000,0x00000000f6700000)
 ParOldGen       total 22016K, used 0K [0x00000000e1800000, 0x00000000e2d80000, 0x00000000f5d80000)
  object space 22016K, 0% used [0x00000000e1800000,0x00000000e1800000,0x00000000e2d80000)
 Metaspace       used 4031K, capacity 4972K, committed 5120K, reserved 1056768K
  class space    used 426K, capacity 468K, committed 512K, reserved 1048576K

Card table byte_map: [0x00000000117d0000,0x00000000118d0000] byte_map_base: 0x00000000110c4000

Marking Bits: (ParMarkBitMap*) 0x00000000709b2d00
 Begin Bits: [0x0000000011b80000, 0x0000000012320000)
 End Bits:   [0x0000000012320000, 0x0000000012ac0000)

Polling page: 0x0000000001f20000

CodeCache: size=245760Kb used=1252Kb max_used=1252Kb free=244507Kb
 bounds [0x0000000002410000, 0x0000000002680000, 0x0000000011410000]
 total_blobs=336 nmethods=91 adapters=167
 compilation: enabled

Compilation events (10 events):
Event: 13.048 Thread 0x00000000135b4800   87       3       java.lang.StringBuilder::toString (17 bytes)
Event: 13.048 Thread 0x00000000135b4800 nmethod 87 0x00000000025473d0 code [0x0000000002547540, 0x0000000002547748]
Event: 25.157 Thread 0x00000000135b4800   88       3       java.lang.StringBuilder::<init> (7 bytes)
Event: 25.158 Thread 0x00000000135b4800 nmethod 88 0x0000000002547810 code [0x0000000002547980, 0x0000000002547c30]
Event: 56.158 Thread 0x00000000135b4800   89  s    3       sun.misc.URLClassPath::getNextLoader (88 bytes)
Event: 56.160 Thread 0x00000000135b4800 nmethod 89 0x0000000002547d50 code [0x0000000002547f40, 0x00000000025487c8]
Event: 56.160 Thread 0x00000000135b4800   90       3       java.util.BitSet::wordIndex (5 bytes)
Event: 56.160 Thread 0x00000000135b4800 nmethod 90 0x0000000002548c90 code [0x0000000002548de0, 0x0000000002548f10]
Event: 56.160 Thread 0x00000000135b4800   91       3       java.util.Arrays::copyOf (19 bytes)
Event: 56.161 Thread 0x00000000135b4800 nmethod 91 0x0000000002548f90 code [0x0000000002549100, 0x0000000002549448]

GC Heap History (0 events):
No events

Deoptimization events (0 events):
No events

Classes redefined (10 events):
Event: 175.615 Thread 0x00000000134e6800 redefined class name=com.company.Token, count=1
Event: 175.616 Thread 0x00000000134e6800 redefined class name=com.company.Main, count=1
Event: 455.683 Thread 0x00000000134e6800 redefined class name=com.company.Token, count=2
Event: 455.684 Thread 0x00000000134e6800 redefined class name=com.company.Main, count=2
Event: 574.554 Thread 0x00000000134e6800 redefined class name=com.company.Token, count=3
Event: 574.554 Thread 0x00000000134e6800 redefined class name=com.company.Main, count=3
Event: 743.457 Thread 0x00000000134e6800 redefined class name=com.company.Token, count=4
Event: 743.458 Thread 0x00000000134e6800 redefined class name=com.company.Main, count=4
Event: 917.318 Thread 0x00000000134e6800 redefined class name=com.company.Token, count=5
Event: 917.318 Thread 0x00000000134e6800 redefined class name=com.company.Main, count=5

Internal exceptions (6 events):
Event: 0.284 Thread 0x0000000002313800 Exception <a 'java/lang/NoSuchMethodError': Method sun.misc.Unsafe.defineClass(Ljava/lang/String;[BII)Ljava/lang/Class; name or signature does not match> (0x00000000f5d87cb0) thrown at [C:\re\workspace\8-2-build-windows-amd64-cygwin\jdk8u181\11358\hotspot
Event: 0.284 Thread 0x0000000002313800 Exception <a 'java/lang/NoSuchMethodError': Method sun.misc.Unsafe.prefetchRead(Ljava/lang/Object;J)V name or signature does not match> (0x00000000f5d87f98) thrown at [C:\re\workspace\8-2-build-windows-amd64-cygwin\jdk8u181\11358\hotspot\src\share\vm\prim
Event: 1.057 Thread 0x0000000002313800 Exception <a 'java/security/PrivilegedActionException'> (0x00000000f5ffecd8) thrown at [C:\re\workspace\8-2-build-windows-amd64-cygwin\jdk8u181\11358\hotspot\src\share\vm\prims\jvm.cpp, line 1435]
Event: 1.057 Thread 0x0000000002313800 Exception <a 'java/security/PrivilegedActionException'> (0x00000000f5fff0d0) thrown at [C:\re\workspace\8-2-build-windows-amd64-cygwin\jdk8u181\11358\hotspot\src\share\vm\prims\jvm.cpp, line 1435]
Event: 1.059 Thread 0x0000000002313800 Exception <a 'java/security/PrivilegedActionException'> (0x00000000f60031c8) thrown at [C:\re\workspace\8-2-build-windows-amd64-cygwin\jdk8u181\11358\hotspot\src\share\vm\prims\jvm.cpp, line 1435]
Event: 1.059 Thread 0x0000000002313800 Exception <a 'java/security/PrivilegedActionException'> (0x00000000f60035c0) thrown at [C:\re\workspace\8-2-build-windows-amd64-cygwin\jdk8u181\11358\hotspot\src\share\vm\prims\jvm.cpp, line 1435]

Events (10 events):
Event: 917.128 Executing VM operation: ChangeBreakpoints done
Event: 917.129 Executing VM operation: ChangeBreakpoints
Event: 917.129 Executing VM operation: ChangeBreakpoints done
Event: 917.312 Executing VM operation: RedefineClasses
Event: 917.318 Executing VM operation: RedefineClasses done
Event: 917.330 Executing VM operation: ChangeBreakpoints
Event: 917.330 Executing VM operation: ChangeBreakpoints done
Event: 917.355 Executing VM operation: ChangeBreakpoints
Event: 917.356 Executing VM operation: ChangeBreakpoints done
Event: 917.364 Executing VM operation: GetOrSetLocal


Dynamic libraries:
0x00007ff7b58a0000 - 0x00007ff7b58d7000 	C:\Program Files\Java\jdk1.8.0_181\bin\java.exe
0x00007ffca8220000 - 0x00007ffca83e2000 	C:\WINDOWS\SYSTEM32\ntdll.dll
0x00007ffca5d00000 - 0x00007ffca5dad000 	C:\WINDOWS\system32\KERNEL32.DLL
0x00007ffca4d40000 - 0x00007ffca4f1d000 	C:\WINDOWS\system32\KERNELBASE.dll
0x00007ffca7d90000 - 0x00007ffca7e36000 	C:\WINDOWS\system32\ADVAPI32.dll
0x00007ffca65d0000 - 0x00007ffca666d000 	C:\WINDOWS\system32\msvcrt.dll
0x00007ffca6570000 - 0x00007ffca65cb000 	C:\WINDOWS\system32\sechost.dll
0x00007ffca58f0000 - 0x00007ffca5a16000 	C:\WINDOWS\system32\RPCRT4.dll
0x00007ffca5b30000 - 0x00007ffca5c7e000 	C:\WINDOWS\system32\USER32.dll
0x00007ffca6380000 - 0x00007ffca6505000 	C:\WINDOWS\system32\GDI32.dll
0x00007ffc99860000 - 0x00007ffc99ad4000 	C:\WINDOWS\WinSxS\amd64_microsoft.windows.common-controls_6595b64144ccf1df_6.0.10240.16384_none_f41f7b285750ef43\COMCTL32.dll
0x00007ffca5e20000 - 0x00007ffca5e56000 	C:\WINDOWS\system32\IMM32.DLL
0x00007ffca7f00000 - 0x00007ffca805c000 	C:\WINDOWS\system32\MSCTF.dll
0x0000000070a40000 - 0x0000000070b12000 	C:\Program Files\Java\jdk1.8.0_181\jre\bin\msvcr100.dll
0x0000000070190000 - 0x0000000070a32000 	C:\Program Files\Java\jdk1.8.0_181\jre\bin\server\jvm.dll
0x00007ffca5c90000 - 0x00007ffca5c98000 	C:\WINDOWS\system32\PSAPI.DLL
0x00007ffca3320000 - 0x00007ffca3329000 	C:\WINDOWS\SYSTEM32\WSOCK32.dll
0x00007ffca61c0000 - 0x00007ffca6229000 	C:\WINDOWS\system32\WS2_32.dll
0x00007ffca5c80000 - 0x00007ffca5c88000 	C:\WINDOWS\system32\NSI.dll
0x00007ffc98550000 - 0x00007ffc98573000 	C:\WINDOWS\SYSTEM32\WINMM.dll
0x00007ffc9d1b0000 - 0x00007ffc9d1ba000 	C:\WINDOWS\SYSTEM32\VERSION.dll
0x00007ffc97b00000 - 0x00007ffc97b2c000 	C:\WINDOWS\SYSTEM32\WINMMBASE.dll
0x00007ffca4cf0000 - 0x00007ffca4d34000 	C:\WINDOWS\system32\cfgmgr32.dll
0x00007ffca35c0000 - 0x00007ffca35e7000 	C:\WINDOWS\SYSTEM32\DEVOBJ.dll
0x0000000070180000 - 0x000000007018f000 	C:\Program Files\Java\jdk1.8.0_181\jre\bin\verify.dll
0x0000000070150000 - 0x0000000070179000 	C:\Program Files\Java\jdk1.8.0_181\jre\bin\java.dll
0x00000000700f0000 - 0x0000000070125000 	C:\Program Files\Java\jdk1.8.0_181\jre\bin\jdwp.dll
0x00000000700e0000 - 0x00000000700e8000 	C:\Program Files\Java\jdk1.8.0_181\jre\bin\npt.dll
0x00000000700b0000 - 0x00000000700d3000 	C:\Program Files\Java\jdk1.8.0_181\jre\bin\instrument.dll
0x0000000070130000 - 0x0000000070146000 	C:\Program Files\Java\jdk1.8.0_181\jre\bin\zip.dll
0x00007ffca6670000 - 0x00007ffca7b95000 	C:\WINDOWS\system32\SHELL32.dll
0x00007ffca50f0000 - 0x00007ffca5718000 	C:\WINDOWS\system32\windows.storage.dll
0x00007ffca5e60000 - 0x00007ffca60dc000 	C:\WINDOWS\system32\combase.dll
0x00007ffca5ca0000 - 0x00007ffca5cf1000 	C:\WINDOWS\system32\shlwapi.dll
0x00007ffca4ca0000 - 0x00007ffca4caf000 	C:\WINDOWS\system32\kernel.appcore.dll
0x00007ffca5830000 - 0x00007ffca58e3000 	C:\WINDOWS\system32\shcore.dll
0x00007ffca4c50000 - 0x00007ffca4c9a000 	C:\WINDOWS\system32\powrprof.dll
0x00007ffca4cb0000 - 0x00007ffca4cc3000 	C:\WINDOWS\system32\profapi.dll
0x00000000700a0000 - 0x00000000700a9000 	C:\Program Files\Java\jdk1.8.0_181\jre\bin\dt_socket.dll
0x00007ffca4460000 - 0x00007ffca44bd000 	C:\WINDOWS\system32\mswsock.dll

VM Arguments:
jvm_args: -agentlib:jdwp=transport=dt_socket,address=127.0.0.1:55069,suspend=y,server=n -javaagent:C:\Users\DIEGOF~1\AppData\Local\Temp\captureAgent762jars\debugger-agent.jar=file:/C:/Users/DIEGOF~1/AppData/Local/Temp/capture2.props -Dfile.encoding=UTF-8 
java_command: com.company.Main
java_class_path (initial): C:\Program Files\Java\jdk1.8.0_181\jre\lib\charsets.jar;C:\Program Files\Java\jdk1.8.0_181\jre\lib\deploy.jar;C:\Program Files\Java\jdk1.8.0_181\jre\lib\ext\access-bridge-64.jar;C:\Program Files\Java\jdk1.8.0_181\jre\lib\ext\cldrdata.jar;C:\Program Files\Java\jdk1.8.0_181\jre\lib\ext\dnsns.jar;C:\Program Files\Java\jdk1.8.0_181\jre\lib\ext\jaccess.jar;C:\Program Files\Java\jdk1.8.0_181\jre\lib\ext\jfxrt.jar;C:\Program Files\Java\jdk1.8.0_181\jre\lib\ext\localedata.jar;C:\Program Files\Java\jdk1.8.0_181\jre\lib\ext\nashorn.jar;C:\Program Files\Java\jdk1.8.0_181\jre\lib\ext\sunec.jar;C:\Program Files\Java\jdk1.8.0_181\jre\lib\ext\sunjce_provider.jar;C:\Program Files\Java\jdk1.8.0_181\jre\lib\ext\sunmscapi.jar;C:\Program Files\Java\jdk1.8.0_181\jre\lib\ext\sunpkcs11.jar;C:\Program Files\Java\jdk1.8.0_181\jre\lib\ext\zipfs.jar;C:\Program Files\Java\jdk1.8.0_181\jre\lib\javaws.jar;C:\Program Files\Java\jdk1.8.0_181\jre\lib\jce.jar;C:\Program Files\Java\jdk1.8.0_181\jre\lib\jfr.jar;C:\Program Files\Java\jdk1.8.0_181\jre\lib\jfxswt.jar;C:\Program Files\Java\jdk1.8.0_181\jre\lib\jsse.jar;C:\Program Files\Java\jdk1.8.0_181\jre\lib\management-agent.jar;C:\Program Files\Java\jdk1.8.0_181\jre\lib\plugin.jar;C:\Program Files\Java\jdk1.8.0_181\jre\lib\resources.jar;C:\Program Files\Java\jdk1.8.0_181\jre\lib\rt.jar;C:\Users\Diego F Chacón\IdeaProjects\AnalizadorLexCHico\out\production\untitled104;C:\Program Files\JetBrains\IntelliJ IDEA 2018.2.2\lib\idea_rt.jar;C:\Users\DIEGOF~1\AppData\Local\Temp\captureAgent762jars\debugger-agent.jar
Launcher Type: SUN_STANDARD

Environment Variables:
JAVA_HOME=C:\Program Files\Java\jdk1.8.0_181
PATH=C:\Users\Diego F Chacón\Downloads\apache-maven-3.5.4-bin\apache-maven-3.5.4\bin;C:\Program Files\Git\cmd
USERNAME=Diego F Chacón
OS=Windows_NT
PROCESSOR_IDENTIFIER=Intel64 Family 6 Model 42 Stepping 7, GenuineIntel



---------------  S Y S T E M  ---------------

OS: Windows 10.0 , 64 bit Build 10240 (10.0.10240.16384)

CPU:total 2 (initial active 2) (2 cores per cpu, 1 threads per core) family 6 model 42 stepping 7, cmov, cx8, fxsr, mmx, sse, sse2, sse3, ssse3, sse4.1, sse4.2, popcnt, clmul, tsc, tscinvbit

Memory: 4k page, physical 1991964k(233784k free), swap 6684920k(1623344k free)

vm_info: Java HotSpot(TM) 64-Bit Server VM (25.181-b13) for windows-amd64 JRE (1.8.0_181-b13), built on Jul  7 2018 04:01:33 by "java_re" with MS VC++ 10.0 (VS2010)

time: Mon Sep 10 15:24:32 2018
elapsed time: 917 seconds (0d 0h 15m 17s)

